<?xml version="1.0" encoding="UTF-8"?>
<!-- Generated by org.testng.reporters.JUnitReportReporter -->
<testsuite skipped="0" hostname="AUMLBRO-WS0160" name="com.ui.up.tests.bu.IndividualCommercial_OfficeWorks_DataCapture" tests="2" failures="0" timestamp="06 Jun 2018 06:39:12 GMT" time="62.679" errors="0">
  <testcase name="individualsDatacaptureWithTestData" time="31.033" classname="com.ui.up.tests.bu.IndividualCommercial_OfficeWorks_DataCapture"/>
  <testcase name="individualsDatacaptureWithTestData" time="31.646" classname="com.ui.up.tests.bu.IndividualCommercial_OfficeWorks_DataCapture"/>
</testsuite> <!-- com.ui.up.tests.bu.IndividualCommercial_OfficeWorks_DataCapture -->
